-------------------------------------------------------------------------------
Test set: com.programming.service.productservice.ProductServiceApplicationTests
-------------------------------------------------------------------------------
Tests run: 1, Failures: 0, Errors: 1, Skipped: 0, Time elapsed: 0.805 s <<< FAILURE! - in com.programming.service.productservice.ProductServiceApplicationTests
contextLoads  Time elapsed: 0.008 s  <<< ERROR!
java.lang.NoClassDefFoundError: org/springframework/boot/Bootstrapper
Caused by: java.lang.ClassNotFoundException: org.springframework.boot.Bootstrapper

